2022-08-04 17:44:13,463:INFO:PyCaret TSForecastingExperiment
2022-08-04 17:44:13,466:INFO:Logging name: ts-default-name
2022-08-04 17:44:13,470:INFO:ML Usecase: MLUsecase.TIME_SERIES
2022-08-04 17:44:13,473:INFO:version 3.0.0
2022-08-04 17:44:13,476:INFO:Initializing setup()
2022-08-04 17:44:13,478:INFO:self.USI: e1c6
2022-08-04 17:44:13,481:INFO:self.variable_keys: {'y_train_transformed', 'y_test', 'fh', 'y', 'exogenous_present', 'exp_name_log', 'html_param', '_all_models', 'USI', 'gpu_param', '_all_metrics', '_all_models_internal', '_gpu_n_jobs_param', 'seasonal_period', 'enforce_pi', 'logging_param', 'X', 'fold_generator', 'experiment__', 'fold_param', 'exp_id', 'display_container', 'master_model_container', 'data', 'idx', 'n_jobs_param', 'enforce_exogenous', 'all_sp_values', 'y_transformed', 'X_train_transformed', 'fold_groups_param_full', 'primary_sp_to_use', 'log_plots_param', 'variable_keys', 'X_transformed', '_ml_usecase', 'index_type', 'y_train', 'X_test_transformed', 'seasonality_present', 'memory', 'X_train', 'seed', '_available_plots', 'X_test', 'approach_type', 'y_test_transformed', 'strictly_positive', 'pipeline'}
2022-08-04 17:44:13,483:INFO:Checking environment
2022-08-04 17:44:13,486:INFO:python_version: 3.7.13
2022-08-04 17:44:13,490:INFO:python_build: ('default', 'Apr 24 2022 01:04:09')
2022-08-04 17:44:13,492:INFO:machine: x86_64
2022-08-04 17:44:13,495:INFO:platform: Linux-5.4.188+-x86_64-with-Ubuntu-18.04-bionic
2022-08-04 17:44:13,498:INFO:Memory: svmem(total=13617737728, available=11668283392, percent=14.3, used=1899941888, free=7571390464, active=2280038400, inactive=3404271616, buffers=206704640, cached=3939700736, shared=1236992, slab=274907136)
2022-08-04 17:44:13,501:INFO:Physical Core: 1
2022-08-04 17:44:13,503:INFO:Logical Core: 2
2022-08-04 17:44:13,506:INFO:Checking libraries
2022-08-04 17:44:13,508:INFO:pd==1.3.5
2022-08-04 17:44:13,511:INFO:numpy==1.21.6
2022-08-04 17:44:13,512:INFO:sklearn==1.0.2
2022-08-04 17:44:13,555:INFO:lightgbm==3.3.2
2022-08-04 17:44:13,557:INFO:xgboost==0.90
2022-08-04 17:44:13,560:WARNING:catboost not found
2022-08-04 17:44:13,562:WARNING:mlflow not found
2022-08-04 17:44:13,570:INFO:Set Forecast Horizon.
2022-08-04 17:44:13,572:INFO:Set up Train-Test Splits.
2022-08-04 17:44:13,591:INFO:Preparing preprocessing pipeline...
2022-08-04 17:44:13,599:INFO:Finished creating preprocessing pipeline.
2022-08-04 17:44:13,606:INFO:Pipeline: PyCaretForecastingPipeline(steps=[('forecaster',
                                   TransformedTargetForecaster(steps=[('model',
                                                                       DummyForecaster())]))])
2022-08-04 17:44:13,607:INFO:Set up Seasonal Period.
2022-08-04 17:44:13,615:INFO:Set up whether Multiplicative components allowed.
2022-08-04 17:44:13,659:INFO:Creating final display dataframe.
2022-08-04 17:44:13,670:INFO:Setup Display Container:                     Description                    Value
0                    session_id                      123
1                        Target                CSUSHPISA
2                      Approach               Univariate
3           Exogenous Variables              Not Present
4                    Data shape                 (245, 1)
5              Train data shape                 (244, 1)
6               Test data shape                   (1, 1)
7                Fold Generator  ExpandingWindowSplitter
8                   Fold Number                        3
9   Enforce Prediction Interval                    False
10    Seasonal Period(s) Tested                       12
11          Seasonality Present                     True
12       Seasonalities Detected                     [12]
13          Primary Seasonality                       12
14     Target Strictly Positive                     True
15           Target White Noise                       No
16                Recommended d                        2
17       Recommended Seasonal D                        0
18               Missing Values                        0
19                   Preprocess                     True
20                     CPU Jobs                       -1
21                      Use GPU                    False
22               Log Experiment                    False
23              Experiment Name          ts-default-name
24                          USI                     e1c6
2022-08-04 17:44:13,671:INFO:Preparing display monitor
2022-08-04 17:44:13,713:WARNING:Wrong xgboost version. Expected xgboost>=1.1.0, got xgboost==(0, 90)
2022-08-04 17:44:13,715:WARNING:Wrong xgboost version. Expected xgboost>=1.1.0, got xgboost==(0, 90)
2022-08-04 17:44:13,719:WARNING:Couldn't import catboost.CatBoostRegressor
2022-08-04 17:44:13,722:WARNING:Couldn't import catboost.CatBoostRegressor
2022-08-04 17:44:13,733:WARNING:Wrong xgboost version. Expected xgboost>=1.1.0, got xgboost==(0, 90)
2022-08-04 17:44:13,736:WARNING:Wrong xgboost version. Expected xgboost>=1.1.0, got xgboost==(0, 90)
2022-08-04 17:44:13,740:WARNING:Couldn't import catboost.CatBoostRegressor
2022-08-04 17:44:13,743:WARNING:Couldn't import catboost.CatBoostRegressor
2022-08-04 17:44:13,755:INFO:setup() successfully completed in 0.28s...............
2022-08-04 17:44:34,466:INFO:Visual Rendered Successfully
2022-08-04 17:44:45,837:INFO:Visual Rendered Successfully
2022-08-04 17:44:51,537:INFO:Visual Rendered Successfully
2022-08-04 17:44:55,788:INFO:Visual Rendered Successfully
2022-08-04 17:44:59,715:INFO:Initializing compare_models()
2022-08-04 17:44:59,718:INFO:compare_models(self=<pycaret.time_series.forecasting.oop.TSForecastingExperiment object at 0x7fcc866fd410>, include=None, fold=None, round=4, cross_validation=True, sort=SMAPE, n_select=1, budget_time=None, turbo=True, errors=ignore, fit_kwargs=None, groups=None, experiment_custom_tags=None, probability_threshold=None, verbose=True, display=None, exclude=None)
2022-08-04 17:44:59,722:INFO:Checking exceptions
2022-08-04 17:44:59,728:INFO:Preparing display monitor
2022-08-04 17:44:59,730:INFO:Preparing display monitor
2022-08-04 17:44:59,793:INFO:Initializing Naive Forecaster
2022-08-04 17:44:59,796:INFO:Total runtime is 3.9215882619222e-05 minutes
2022-08-04 17:44:59,813:INFO:SubProcess create_model() called ==================================
2022-08-04 17:44:59,816:INFO:Initializing create_model()
2022-08-04 17:44:59,818:INFO:create_model(self=<pycaret.time_series.forecasting.oop.TSForecastingExperiment object at 0x7fcc866fd410>, estimator=naive, fold=None, round=4, cross_validation=True, predict=True, fit_kwargs={}, groups=None, refit=False, probability_threshold=None, experiment_custom_tags=None, verbose=False, system=False, add_to_model_list=True, metrics=None, display=<pycaret.internal.Display.Display object at 0x7fcc79acd910>, kwargs={})
2022-08-04 17:44:59,821:INFO:Checking exceptions
2022-08-04 17:44:59,826:INFO:Importing libraries
2022-08-04 17:44:59,828:INFO:Copying training dataset
2022-08-04 17:44:59,833:INFO:Defining folds
2022-08-04 17:44:59,839:INFO:Declaring metric variables
2022-08-04 17:44:59,853:INFO:Importing untrained model
2022-08-04 17:44:59,872:INFO:Naive Forecaster Imported successfully
2022-08-04 17:44:59,906:INFO:Starting cross validation
2022-08-04 17:44:59,908:INFO:Cross validating with ExpandingWindowSplitter(fh=ForecastingHorizon([1], dtype='int64', is_relative=True),
            initial_window=None), n_jobs=-1
2022-08-04 17:45:02,571:INFO:Calculating mean and std
2022-08-04 17:45:02,573:INFO:Creating metrics dataframe
2022-08-04 17:45:02,587:INFO:Uploading results into container
2022-08-04 17:45:02,592:INFO:Uploading model into container now
2022-08-04 17:45:02,595:INFO:master_model_container: 1
2022-08-04 17:45:02,597:INFO:display_container: 2
2022-08-04 17:45:02,599:INFO:NaiveForecaster()
2022-08-04 17:45:02,601:INFO:create_model() successfully completed......................................
2022-08-04 17:45:02,788:INFO:SubProcess create_model() end ==================================
2022-08-04 17:45:02,790:INFO:Creating metrics dataframe
2022-08-04 17:45:02,810:INFO:Initializing Grand Means Forecaster
2022-08-04 17:45:02,815:INFO:Total runtime is 0.05035616556803386 minutes
2022-08-04 17:45:02,838:INFO:SubProcess create_model() called ==================================
2022-08-04 17:45:02,842:INFO:Initializing create_model()
2022-08-04 17:45:02,845:INFO:create_model(self=<pycaret.time_series.forecasting.oop.TSForecastingExperiment object at 0x7fcc866fd410>, estimator=grand_means, fold=None, round=4, cross_validation=True, predict=True, fit_kwargs={}, groups=None, refit=False, probability_threshold=None, experiment_custom_tags=None, verbose=False, system=False, add_to_model_list=True, metrics=None, display=<pycaret.internal.Display.Display object at 0x7fcc79acd910>, kwargs={})
2022-08-04 17:45:02,849:INFO:Checking exceptions
2022-08-04 17:45:02,854:INFO:Importing libraries
2022-08-04 17:45:02,857:INFO:Copying training dataset
2022-08-04 17:45:02,864:INFO:Defining folds
2022-08-04 17:45:02,867:INFO:Declaring metric variables
2022-08-04 17:45:02,891:INFO:Importing untrained model
2022-08-04 17:45:02,910:INFO:Grand Means Forecaster Imported successfully
2022-08-04 17:45:02,949:INFO:Starting cross validation
2022-08-04 17:45:02,955:INFO:Cross validating with ExpandingWindowSplitter(fh=ForecastingHorizon([1], dtype='int64', is_relative=True),
            initial_window=None), n_jobs=-1
2022-08-04 17:45:03,007:INFO:Calculating mean and std
2022-08-04 17:45:03,009:INFO:Creating metrics dataframe
2022-08-04 17:45:03,020:INFO:Uploading results into container
2022-08-04 17:45:03,026:INFO:Uploading model into container now
2022-08-04 17:45:03,028:INFO:master_model_container: 2
2022-08-04 17:45:03,031:INFO:display_container: 2
2022-08-04 17:45:03,034:INFO:NaiveForecaster(strategy='mean')
2022-08-04 17:45:03,036:INFO:create_model() successfully completed......................................
2022-08-04 17:45:03,207:INFO:SubProcess create_model() end ==================================
2022-08-04 17:45:03,220:INFO:Creating metrics dataframe
2022-08-04 17:45:03,242:INFO:Initializing Seasonal Naive Forecaster
2022-08-04 17:45:03,246:INFO:Total runtime is 0.05753996769587199 minutes
2022-08-04 17:45:03,270:INFO:SubProcess create_model() called ==================================
2022-08-04 17:45:03,278:INFO:Initializing create_model()
2022-08-04 17:45:03,282:INFO:create_model(self=<pycaret.time_series.forecasting.oop.TSForecastingExperiment object at 0x7fcc866fd410>, estimator=snaive, fold=None, round=4, cross_validation=True, predict=True, fit_kwargs={}, groups=None, refit=False, probability_threshold=None, experiment_custom_tags=None, verbose=False, system=False, add_to_model_list=True, metrics=None, display=<pycaret.internal.Display.Display object at 0x7fcc79acd910>, kwargs={})
2022-08-04 17:45:03,283:INFO:Checking exceptions
2022-08-04 17:45:03,289:INFO:Importing libraries
2022-08-04 17:45:03,292:INFO:Copying training dataset
2022-08-04 17:45:03,300:INFO:Defining folds
2022-08-04 17:45:03,304:INFO:Declaring metric variables
2022-08-04 17:45:03,327:INFO:Importing untrained model
2022-08-04 17:45:03,349:INFO:Seasonal Naive Forecaster Imported successfully
2022-08-04 17:45:03,393:INFO:Starting cross validation
2022-08-04 17:45:03,400:INFO:Cross validating with ExpandingWindowSplitter(fh=ForecastingHorizon([1], dtype='int64', is_relative=True),
            initial_window=None), n_jobs=-1
2022-08-04 17:45:03,459:INFO:Calculating mean and std
2022-08-04 17:45:03,464:INFO:Creating metrics dataframe
2022-08-04 17:45:03,476:INFO:Uploading results into container
2022-08-04 17:45:03,478:INFO:Uploading model into container now
2022-08-04 17:45:03,482:INFO:master_model_container: 3
2022-08-04 17:45:03,487:INFO:display_container: 2
2022-08-04 17:45:03,489:INFO:NaiveForecaster(sp=12)
2022-08-04 17:45:03,491:INFO:create_model() successfully completed......................................
2022-08-04 17:45:03,641:INFO:SubProcess create_model() end ==================================
2022-08-04 17:45:03,643:INFO:Creating metrics dataframe
2022-08-04 17:45:03,666:INFO:Initializing Polynomial Trend Forecaster
2022-08-04 17:45:03,672:INFO:Total runtime is 0.06465030908584594 minutes
2022-08-04 17:45:03,693:INFO:SubProcess create_model() called ==================================
2022-08-04 17:45:03,697:INFO:Initializing create_model()
2022-08-04 17:45:03,699:INFO:create_model(self=<pycaret.time_series.forecasting.oop.TSForecastingExperiment object at 0x7fcc866fd410>, estimator=polytrend, fold=None, round=4, cross_validation=True, predict=True, fit_kwargs={}, groups=None, refit=False, probability_threshold=None, experiment_custom_tags=None, verbose=False, system=False, add_to_model_list=True, metrics=None, display=<pycaret.internal.Display.Display object at 0x7fcc79acd910>, kwargs={})
2022-08-04 17:45:03,702:INFO:Checking exceptions
2022-08-04 17:45:03,707:INFO:Importing libraries
2022-08-04 17:45:03,709:INFO:Copying training dataset
2022-08-04 17:45:03,716:INFO:Defining folds
2022-08-04 17:45:03,718:INFO:Declaring metric variables
2022-08-04 17:45:03,739:INFO:Importing untrained model
2022-08-04 17:45:03,760:INFO:Polynomial Trend Forecaster Imported successfully
2022-08-04 17:45:03,800:INFO:Starting cross validation
2022-08-04 17:45:03,805:INFO:Cross validating with ExpandingWindowSplitter(fh=ForecastingHorizon([1], dtype='int64', is_relative=True),
            initial_window=None), n_jobs=-1
2022-08-04 17:45:03,880:INFO:Calculating mean and std
2022-08-04 17:45:03,883:INFO:Creating metrics dataframe
2022-08-04 17:45:03,894:INFO:Uploading results into container
2022-08-04 17:45:03,896:INFO:Uploading model into container now
2022-08-04 17:45:03,903:INFO:master_model_container: 4
2022-08-04 17:45:03,905:INFO:display_container: 2
2022-08-04 17:45:03,907:INFO:PolynomialTrendForecaster()
2022-08-04 17:45:03,912:INFO:create_model() successfully completed......................................
2022-08-04 17:45:04,063:INFO:SubProcess create_model() end ==================================
2022-08-04 17:45:04,077:INFO:Creating metrics dataframe
2022-08-04 17:45:04,103:INFO:Initializing ARIMA
2022-08-04 17:45:04,106:INFO:Total runtime is 0.07187839349110921 minutes
2022-08-04 17:45:04,123:INFO:SubProcess create_model() called ==================================
2022-08-04 17:45:04,126:INFO:Initializing create_model()
2022-08-04 17:45:04,128:INFO:create_model(self=<pycaret.time_series.forecasting.oop.TSForecastingExperiment object at 0x7fcc866fd410>, estimator=arima, fold=None, round=4, cross_validation=True, predict=True, fit_kwargs={}, groups=None, refit=False, probability_threshold=None, experiment_custom_tags=None, verbose=False, system=False, add_to_model_list=True, metrics=None, display=<pycaret.internal.Display.Display object at 0x7fcc79acd910>, kwargs={})
2022-08-04 17:45:04,130:INFO:Checking exceptions
2022-08-04 17:45:04,133:INFO:Importing libraries
2022-08-04 17:45:04,136:INFO:Copying training dataset
2022-08-04 17:45:04,142:INFO:Defining folds
2022-08-04 17:45:04,147:INFO:Declaring metric variables
2022-08-04 17:45:04,171:INFO:Importing untrained model
2022-08-04 17:45:04,191:INFO:ARIMA Imported successfully
2022-08-04 17:45:04,227:INFO:Starting cross validation
2022-08-04 17:45:04,230:INFO:Cross validating with ExpandingWindowSplitter(fh=ForecastingHorizon([1], dtype='int64', is_relative=True),
            initial_window=None), n_jobs=-1
2022-08-04 17:45:05,044:INFO:Calculating mean and std
2022-08-04 17:45:05,048:INFO:Creating metrics dataframe
2022-08-04 17:45:05,061:INFO:Uploading results into container
2022-08-04 17:45:05,066:INFO:Uploading model into container now
2022-08-04 17:45:05,068:INFO:master_model_container: 5
2022-08-04 17:45:05,070:INFO:display_container: 2
2022-08-04 17:45:05,077:INFO:ARIMA(seasonal_order=(0, 1, 0, 12))
2022-08-04 17:45:05,079:INFO:create_model() successfully completed......................................
2022-08-04 17:45:05,239:INFO:SubProcess create_model() end ==================================
2022-08-04 17:45:05,246:INFO:Creating metrics dataframe
2022-08-04 17:45:05,273:INFO:Initializing Auto ARIMA
2022-08-04 17:45:05,283:INFO:Total runtime is 0.09149613777796427 minutes
2022-08-04 17:45:05,305:INFO:SubProcess create_model() called ==================================
2022-08-04 17:45:05,309:INFO:Initializing create_model()
2022-08-04 17:45:05,310:INFO:create_model(self=<pycaret.time_series.forecasting.oop.TSForecastingExperiment object at 0x7fcc866fd410>, estimator=auto_arima, fold=None, round=4, cross_validation=True, predict=True, fit_kwargs={}, groups=None, refit=False, probability_threshold=None, experiment_custom_tags=None, verbose=False, system=False, add_to_model_list=True, metrics=None, display=<pycaret.internal.Display.Display object at 0x7fcc79acd910>, kwargs={})
2022-08-04 17:45:05,312:INFO:Checking exceptions
2022-08-04 17:45:05,315:INFO:Importing libraries
2022-08-04 17:45:05,317:INFO:Copying training dataset
2022-08-04 17:45:05,322:INFO:Defining folds
2022-08-04 17:45:05,325:INFO:Declaring metric variables
2022-08-04 17:45:05,347:INFO:Importing untrained model
2022-08-04 17:45:05,362:INFO:Auto ARIMA Imported successfully
2022-08-04 17:45:05,394:INFO:Starting cross validation
2022-08-04 17:45:05,396:INFO:Cross validating with ExpandingWindowSplitter(fh=ForecastingHorizon([1], dtype='int64', is_relative=True),
            initial_window=None), n_jobs=-1
2022-08-04 17:46:11,217:INFO:Calculating mean and std
2022-08-04 17:46:11,227:INFO:Creating metrics dataframe
2022-08-04 17:46:11,253:INFO:Uploading results into container
2022-08-04 17:46:11,261:INFO:Uploading model into container now
2022-08-04 17:46:11,267:INFO:master_model_container: 6
2022-08-04 17:46:11,273:INFO:display_container: 2
2022-08-04 17:46:11,277:INFO:AutoARIMA(random_state=123, sp=12, suppress_warnings=True)
2022-08-04 17:46:11,286:INFO:create_model() successfully completed......................................
2022-08-04 17:46:11,464:INFO:SubProcess create_model() end ==================================
2022-08-04 17:46:11,467:INFO:Creating metrics dataframe
2022-08-04 17:46:11,490:INFO:Initializing Exponential Smoothing
2022-08-04 17:46:11,493:INFO:Total runtime is 1.1949942191441854 minutes
2022-08-04 17:46:11,512:INFO:SubProcess create_model() called ==================================
2022-08-04 17:46:11,516:INFO:Initializing create_model()
2022-08-04 17:46:11,517:INFO:create_model(self=<pycaret.time_series.forecasting.oop.TSForecastingExperiment object at 0x7fcc866fd410>, estimator=exp_smooth, fold=None, round=4, cross_validation=True, predict=True, fit_kwargs={}, groups=None, refit=False, probability_threshold=None, experiment_custom_tags=None, verbose=False, system=False, add_to_model_list=True, metrics=None, display=<pycaret.internal.Display.Display object at 0x7fcc79acd910>, kwargs={})
2022-08-04 17:46:11,522:INFO:Checking exceptions
2022-08-04 17:46:11,526:INFO:Importing libraries
2022-08-04 17:46:11,530:INFO:Copying training dataset
2022-08-04 17:46:11,539:INFO:Defining folds
2022-08-04 17:46:11,541:INFO:Declaring metric variables
2022-08-04 17:46:11,562:INFO:Importing untrained model
2022-08-04 17:46:11,579:INFO:Exponential Smoothing Imported successfully
2022-08-04 17:46:11,614:INFO:Starting cross validation
2022-08-04 17:46:11,620:INFO:Cross validating with ExpandingWindowSplitter(fh=ForecastingHorizon([1], dtype='int64', is_relative=True),
            initial_window=None), n_jobs=-1
2022-08-04 17:46:13,387:INFO:Calculating mean and std
2022-08-04 17:46:13,396:INFO:Creating metrics dataframe
2022-08-04 17:46:13,414:INFO:Uploading results into container
2022-08-04 17:46:13,426:INFO:Uploading model into container now
2022-08-04 17:46:13,432:INFO:master_model_container: 7
2022-08-04 17:46:13,438:INFO:display_container: 2
2022-08-04 17:46:13,445:INFO:ExponentialSmoothing(seasonal='mul', sp=12, trend='add')
2022-08-04 17:46:13,446:INFO:create_model() successfully completed......................................
2022-08-04 17:46:13,583:INFO:SubProcess create_model() end ==================================
2022-08-04 17:46:13,586:INFO:Creating metrics dataframe
2022-08-04 17:46:13,609:INFO:Initializing Croston
2022-08-04 17:46:13,615:INFO:Total runtime is 1.2303526878356934 minutes
2022-08-04 17:46:13,640:INFO:SubProcess create_model() called ==================================
2022-08-04 17:46:13,644:INFO:Initializing create_model()
2022-08-04 17:46:13,648:INFO:create_model(self=<pycaret.time_series.forecasting.oop.TSForecastingExperiment object at 0x7fcc866fd410>, estimator=croston, fold=None, round=4, cross_validation=True, predict=True, fit_kwargs={}, groups=None, refit=False, probability_threshold=None, experiment_custom_tags=None, verbose=False, system=False, add_to_model_list=True, metrics=None, display=<pycaret.internal.Display.Display object at 0x7fcc79acd910>, kwargs={})
2022-08-04 17:46:13,650:INFO:Checking exceptions
2022-08-04 17:46:13,658:INFO:Importing libraries
2022-08-04 17:46:13,662:INFO:Copying training dataset
2022-08-04 17:46:13,667:INFO:Defining folds
2022-08-04 17:46:13,670:INFO:Declaring metric variables
2022-08-04 17:46:13,698:INFO:Importing untrained model
2022-08-04 17:46:13,715:INFO:Croston Imported successfully
2022-08-04 17:46:13,756:INFO:Starting cross validation
2022-08-04 17:46:13,760:INFO:Cross validating with ExpandingWindowSplitter(fh=ForecastingHorizon([1], dtype='int64', is_relative=True),
            initial_window=None), n_jobs=-1
2022-08-04 17:46:13,802:INFO:Calculating mean and std
2022-08-04 17:46:13,805:INFO:Creating metrics dataframe
2022-08-04 17:46:13,820:INFO:Uploading results into container
2022-08-04 17:46:13,826:INFO:Uploading model into container now
2022-08-04 17:46:13,829:INFO:master_model_container: 8
2022-08-04 17:46:13,831:INFO:display_container: 2
2022-08-04 17:46:13,835:INFO:Croston()
2022-08-04 17:46:13,838:INFO:create_model() successfully completed......................................
2022-08-04 17:46:13,973:INFO:SubProcess create_model() end ==================================
2022-08-04 17:46:13,979:INFO:Creating metrics dataframe
2022-08-04 17:46:14,000:INFO:Initializing ETS
2022-08-04 17:46:14,006:INFO:Total runtime is 1.236880362033844 minutes
2022-08-04 17:46:14,028:INFO:SubProcess create_model() called ==================================
2022-08-04 17:46:14,031:INFO:Initializing create_model()
2022-08-04 17:46:14,032:INFO:create_model(self=<pycaret.time_series.forecasting.oop.TSForecastingExperiment object at 0x7fcc866fd410>, estimator=ets, fold=None, round=4, cross_validation=True, predict=True, fit_kwargs={}, groups=None, refit=False, probability_threshold=None, experiment_custom_tags=None, verbose=False, system=False, add_to_model_list=True, metrics=None, display=<pycaret.internal.Display.Display object at 0x7fcc79acd910>, kwargs={})
2022-08-04 17:46:14,033:INFO:Checking exceptions
2022-08-04 17:46:14,036:INFO:Importing libraries
2022-08-04 17:46:14,037:INFO:Copying training dataset
2022-08-04 17:46:14,042:INFO:Defining folds
2022-08-04 17:46:14,044:INFO:Declaring metric variables
2022-08-04 17:46:14,066:INFO:Importing untrained model
2022-08-04 17:46:14,081:INFO:ETS Imported successfully
2022-08-04 17:46:14,118:INFO:Starting cross validation
2022-08-04 17:46:14,122:INFO:Cross validating with ExpandingWindowSplitter(fh=ForecastingHorizon([1], dtype='int64', is_relative=True),
            initial_window=None), n_jobs=-1
2022-08-04 17:46:15,276:INFO:Calculating mean and std
2022-08-04 17:46:15,281:INFO:Creating metrics dataframe
2022-08-04 17:46:15,293:INFO:Uploading results into container
2022-08-04 17:46:15,299:INFO:Uploading model into container now
2022-08-04 17:46:15,301:INFO:master_model_container: 9
2022-08-04 17:46:15,302:INFO:display_container: 2
2022-08-04 17:46:15,306:INFO:AutoETS(seasonal='mul', sp=12, trend='add')
2022-08-04 17:46:15,311:INFO:create_model() successfully completed......................................
2022-08-04 17:46:15,447:INFO:SubProcess create_model() end ==================================
2022-08-04 17:46:15,449:INFO:Creating metrics dataframe
2022-08-04 17:46:15,476:INFO:Initializing Theta Forecaster
2022-08-04 17:46:15,482:INFO:Total runtime is 1.2614729841550192 minutes
2022-08-04 17:46:15,503:INFO:SubProcess create_model() called ==================================
2022-08-04 17:46:15,505:INFO:Initializing create_model()
2022-08-04 17:46:15,508:INFO:create_model(self=<pycaret.time_series.forecasting.oop.TSForecastingExperiment object at 0x7fcc866fd410>, estimator=theta, fold=None, round=4, cross_validation=True, predict=True, fit_kwargs={}, groups=None, refit=False, probability_threshold=None, experiment_custom_tags=None, verbose=False, system=False, add_to_model_list=True, metrics=None, display=<pycaret.internal.Display.Display object at 0x7fcc79acd910>, kwargs={})
2022-08-04 17:46:15,519:INFO:Checking exceptions
2022-08-04 17:46:15,524:INFO:Importing libraries
2022-08-04 17:46:15,528:INFO:Copying training dataset
2022-08-04 17:46:15,533:INFO:Defining folds
2022-08-04 17:46:15,536:INFO:Declaring metric variables
2022-08-04 17:46:15,555:INFO:Importing untrained model
2022-08-04 17:46:15,575:INFO:Theta Forecaster Imported successfully
2022-08-04 17:46:15,608:INFO:Starting cross validation
2022-08-04 17:46:15,611:INFO:Cross validating with ExpandingWindowSplitter(fh=ForecastingHorizon([1], dtype='int64', is_relative=True),
            initial_window=None), n_jobs=-1
2022-08-04 17:46:15,765:INFO:Calculating mean and std
2022-08-04 17:46:15,769:INFO:Creating metrics dataframe
2022-08-04 17:46:15,782:INFO:Uploading results into container
2022-08-04 17:46:15,786:INFO:Uploading model into container now
2022-08-04 17:46:15,789:INFO:master_model_container: 10
2022-08-04 17:46:15,791:INFO:display_container: 2
2022-08-04 17:46:15,796:INFO:ThetaForecaster(sp=12)
2022-08-04 17:46:15,799:INFO:create_model() successfully completed......................................
2022-08-04 17:46:15,945:INFO:SubProcess create_model() end ==================================
2022-08-04 17:46:15,953:INFO:Creating metrics dataframe
2022-08-04 17:46:15,973:INFO:Initializing Linear w/ Cond. Deseasonalize & Detrending
2022-08-04 17:46:15,978:INFO:Total runtime is 1.2697361985842388 minutes
2022-08-04 17:46:16,001:INFO:SubProcess create_model() called ==================================
2022-08-04 17:46:16,010:INFO:Initializing create_model()
2022-08-04 17:46:16,012:INFO:create_model(self=<pycaret.time_series.forecasting.oop.TSForecastingExperiment object at 0x7fcc866fd410>, estimator=lr_cds_dt, fold=None, round=4, cross_validation=True, predict=True, fit_kwargs={}, groups=None, refit=False, probability_threshold=None, experiment_custom_tags=None, verbose=False, system=False, add_to_model_list=True, metrics=None, display=<pycaret.internal.Display.Display object at 0x7fcc79acd910>, kwargs={})
2022-08-04 17:46:16,015:INFO:Checking exceptions
2022-08-04 17:46:16,021:INFO:Importing libraries
2022-08-04 17:46:16,024:INFO:Copying training dataset
2022-08-04 17:46:16,031:INFO:Defining folds
2022-08-04 17:46:16,035:INFO:Declaring metric variables
2022-08-04 17:46:16,055:INFO:Importing untrained model
2022-08-04 17:46:16,079:INFO:Linear w/ Cond. Deseasonalize & Detrending Imported successfully
2022-08-04 17:46:16,125:INFO:Starting cross validation
2022-08-04 17:46:16,127:INFO:Cross validating with ExpandingWindowSplitter(fh=ForecastingHorizon([1], dtype='int64', is_relative=True),
            initial_window=None), n_jobs=-1
2022-08-04 17:46:16,316:INFO:Calculating mean and std
2022-08-04 17:46:16,322:INFO:Creating metrics dataframe
2022-08-04 17:46:16,334:INFO:Uploading results into container
2022-08-04 17:46:16,338:INFO:Uploading model into container now
2022-08-04 17:46:16,342:INFO:master_model_container: 11
2022-08-04 17:46:16,345:INFO:display_container: 2
2022-08-04 17:46:16,349:INFO:BaseCdsDtForecaster(regressor=LinearRegression(n_jobs=-1), sp=12,
                    window_length=12)
2022-08-04 17:46:16,353:INFO:create_model() successfully completed......................................
2022-08-04 17:46:16,494:INFO:SubProcess create_model() end ==================================
2022-08-04 17:46:16,496:INFO:Creating metrics dataframe
2022-08-04 17:46:16,525:INFO:Initializing Elastic Net w/ Cond. Deseasonalize & Detrending
2022-08-04 17:46:16,530:INFO:Total runtime is 1.2789506554603578 minutes
2022-08-04 17:46:16,553:INFO:SubProcess create_model() called ==================================
2022-08-04 17:46:16,557:INFO:Initializing create_model()
2022-08-04 17:46:16,560:INFO:create_model(self=<pycaret.time_series.forecasting.oop.TSForecastingExperiment object at 0x7fcc866fd410>, estimator=en_cds_dt, fold=None, round=4, cross_validation=True, predict=True, fit_kwargs={}, groups=None, refit=False, probability_threshold=None, experiment_custom_tags=None, verbose=False, system=False, add_to_model_list=True, metrics=None, display=<pycaret.internal.Display.Display object at 0x7fcc79acd910>, kwargs={})
2022-08-04 17:46:16,563:INFO:Checking exceptions
2022-08-04 17:46:16,567:INFO:Importing libraries
2022-08-04 17:46:16,570:INFO:Copying training dataset
2022-08-04 17:46:16,577:INFO:Defining folds
2022-08-04 17:46:16,586:INFO:Declaring metric variables
2022-08-04 17:46:16,608:INFO:Importing untrained model
2022-08-04 17:46:16,629:INFO:Elastic Net w/ Cond. Deseasonalize & Detrending Imported successfully
2022-08-04 17:46:16,666:INFO:Starting cross validation
2022-08-04 17:46:16,671:INFO:Cross validating with ExpandingWindowSplitter(fh=ForecastingHorizon([1], dtype='int64', is_relative=True),
            initial_window=None), n_jobs=-1
2022-08-04 17:46:16,795:INFO:Calculating mean and std
2022-08-04 17:46:16,799:INFO:Creating metrics dataframe
2022-08-04 17:46:16,812:INFO:Uploading results into container
2022-08-04 17:46:16,815:INFO:Uploading model into container now
2022-08-04 17:46:16,817:INFO:master_model_container: 12
2022-08-04 17:46:16,818:INFO:display_container: 2
2022-08-04 17:46:16,821:INFO:BaseCdsDtForecaster(regressor=ElasticNet(random_state=123), sp=12,
                    window_length=12)
2022-08-04 17:46:16,823:INFO:create_model() successfully completed......................................
2022-08-04 17:46:16,958:INFO:SubProcess create_model() end ==================================
2022-08-04 17:46:16,961:INFO:Creating metrics dataframe
2022-08-04 17:46:16,986:INFO:Initializing Ridge w/ Cond. Deseasonalize & Detrending
2022-08-04 17:46:16,992:INFO:Total runtime is 1.2866488138834637 minutes
2022-08-04 17:46:17,018:INFO:SubProcess create_model() called ==================================
2022-08-04 17:46:17,020:INFO:Initializing create_model()
2022-08-04 17:46:17,022:INFO:create_model(self=<pycaret.time_series.forecasting.oop.TSForecastingExperiment object at 0x7fcc866fd410>, estimator=ridge_cds_dt, fold=None, round=4, cross_validation=True, predict=True, fit_kwargs={}, groups=None, refit=False, probability_threshold=None, experiment_custom_tags=None, verbose=False, system=False, add_to_model_list=True, metrics=None, display=<pycaret.internal.Display.Display object at 0x7fcc79acd910>, kwargs={})
2022-08-04 17:46:17,026:INFO:Checking exceptions
2022-08-04 17:46:17,031:INFO:Importing libraries
2022-08-04 17:46:17,033:INFO:Copying training dataset
2022-08-04 17:46:17,041:INFO:Defining folds
2022-08-04 17:46:17,042:INFO:Declaring metric variables
2022-08-04 17:46:17,062:INFO:Importing untrained model
2022-08-04 17:46:17,085:INFO:Ridge w/ Cond. Deseasonalize & Detrending Imported successfully
2022-08-04 17:46:17,119:INFO:Starting cross validation
2022-08-04 17:46:17,124:INFO:Cross validating with ExpandingWindowSplitter(fh=ForecastingHorizon([1], dtype='int64', is_relative=True),
            initial_window=None), n_jobs=-1
2022-08-04 17:46:17,239:INFO:Calculating mean and std
2022-08-04 17:46:17,245:INFO:Creating metrics dataframe
2022-08-04 17:46:17,255:INFO:Uploading results into container
2022-08-04 17:46:17,262:INFO:Uploading model into container now
2022-08-04 17:46:17,263:INFO:master_model_container: 13
2022-08-04 17:46:17,266:INFO:display_container: 2
2022-08-04 17:46:17,269:INFO:BaseCdsDtForecaster(regressor=Ridge(random_state=123), sp=12, window_length=12)
2022-08-04 17:46:17,273:INFO:create_model() successfully completed......................................
2022-08-04 17:46:17,409:INFO:SubProcess create_model() end ==================================
2022-08-04 17:46:17,410:INFO:Creating metrics dataframe
2022-08-04 17:46:17,436:INFO:Initializing Lasso w/ Cond. Deseasonalize & Detrending
2022-08-04 17:46:17,441:INFO:Total runtime is 1.2941242535909019 minutes
2022-08-04 17:46:17,466:INFO:SubProcess create_model() called ==================================
2022-08-04 17:46:17,471:INFO:Initializing create_model()
2022-08-04 17:46:17,475:INFO:create_model(self=<pycaret.time_series.forecasting.oop.TSForecastingExperiment object at 0x7fcc866fd410>, estimator=lasso_cds_dt, fold=None, round=4, cross_validation=True, predict=True, fit_kwargs={}, groups=None, refit=False, probability_threshold=None, experiment_custom_tags=None, verbose=False, system=False, add_to_model_list=True, metrics=None, display=<pycaret.internal.Display.Display object at 0x7fcc79acd910>, kwargs={})
2022-08-04 17:46:17,479:INFO:Checking exceptions
2022-08-04 17:46:17,485:INFO:Importing libraries
2022-08-04 17:46:17,489:INFO:Copying training dataset
2022-08-04 17:46:17,496:INFO:Defining folds
2022-08-04 17:46:17,503:INFO:Declaring metric variables
2022-08-04 17:46:17,525:INFO:Importing untrained model
2022-08-04 17:46:17,543:INFO:Lasso w/ Cond. Deseasonalize & Detrending Imported successfully
2022-08-04 17:46:17,575:INFO:Starting cross validation
2022-08-04 17:46:17,582:INFO:Cross validating with ExpandingWindowSplitter(fh=ForecastingHorizon([1], dtype='int64', is_relative=True),
            initial_window=None), n_jobs=-1
2022-08-04 17:46:17,694:INFO:Calculating mean and std
2022-08-04 17:46:17,698:INFO:Creating metrics dataframe
2022-08-04 17:46:17,712:INFO:Uploading results into container
2022-08-04 17:46:17,715:INFO:Uploading model into container now
2022-08-04 17:46:17,718:INFO:master_model_container: 14
2022-08-04 17:46:17,721:INFO:display_container: 2
2022-08-04 17:46:17,724:INFO:BaseCdsDtForecaster(regressor=Lasso(random_state=123), sp=12, window_length=12)
2022-08-04 17:46:17,725:INFO:create_model() successfully completed......................................
2022-08-04 17:46:17,863:INFO:SubProcess create_model() end ==================================
2022-08-04 17:46:17,868:INFO:Creating metrics dataframe
2022-08-04 17:46:17,889:INFO:Initializing Least Angular Regressor w/ Cond. Deseasonalize & Detrending
2022-08-04 17:46:17,891:INFO:Total runtime is 1.3016299406687422 minutes
2022-08-04 17:46:17,906:INFO:SubProcess create_model() called ==================================
2022-08-04 17:46:17,908:INFO:Initializing create_model()
2022-08-04 17:46:17,911:INFO:create_model(self=<pycaret.time_series.forecasting.oop.TSForecastingExperiment object at 0x7fcc866fd410>, estimator=lar_cds_dt, fold=None, round=4, cross_validation=True, predict=True, fit_kwargs={}, groups=None, refit=False, probability_threshold=None, experiment_custom_tags=None, verbose=False, system=False, add_to_model_list=True, metrics=None, display=<pycaret.internal.Display.Display object at 0x7fcc79acd910>, kwargs={})
2022-08-04 17:46:17,912:INFO:Checking exceptions
2022-08-04 17:46:17,916:INFO:Importing libraries
2022-08-04 17:46:17,919:INFO:Copying training dataset
2022-08-04 17:46:17,925:INFO:Defining folds
2022-08-04 17:46:17,928:INFO:Declaring metric variables
2022-08-04 17:46:17,944:INFO:Importing untrained model
2022-08-04 17:46:17,966:INFO:Least Angular Regressor w/ Cond. Deseasonalize & Detrending Imported successfully
2022-08-04 17:46:17,995:INFO:Starting cross validation
2022-08-04 17:46:17,998:INFO:Cross validating with ExpandingWindowSplitter(fh=ForecastingHorizon([1], dtype='int64', is_relative=True),
            initial_window=None), n_jobs=-1
2022-08-04 17:46:18,118:INFO:Calculating mean and std
2022-08-04 17:46:18,122:INFO:Creating metrics dataframe
2022-08-04 17:46:18,135:INFO:Uploading results into container
2022-08-04 17:46:18,139:INFO:Uploading model into container now
2022-08-04 17:46:18,150:INFO:master_model_container: 15
2022-08-04 17:46:18,151:INFO:display_container: 2
2022-08-04 17:46:18,154:INFO:BaseCdsDtForecaster(regressor=Lars(random_state=123), sp=12, window_length=12)
2022-08-04 17:46:18,156:INFO:create_model() successfully completed......................................
2022-08-04 17:46:18,287:INFO:SubProcess create_model() end ==================================
2022-08-04 17:46:18,290:INFO:Creating metrics dataframe
2022-08-04 17:46:18,327:INFO:Initializing Lasso Least Angular Regressor w/ Cond. Deseasonalize & Detrending
2022-08-04 17:46:18,331:INFO:Total runtime is 1.308957636356354 minutes
2022-08-04 17:46:18,357:INFO:SubProcess create_model() called ==================================
2022-08-04 17:46:18,360:INFO:Initializing create_model()
2022-08-04 17:46:18,363:INFO:create_model(self=<pycaret.time_series.forecasting.oop.TSForecastingExperiment object at 0x7fcc866fd410>, estimator=llar_cds_dt, fold=None, round=4, cross_validation=True, predict=True, fit_kwargs={}, groups=None, refit=False, probability_threshold=None, experiment_custom_tags=None, verbose=False, system=False, add_to_model_list=True, metrics=None, display=<pycaret.internal.Display.Display object at 0x7fcc79acd910>, kwargs={})
2022-08-04 17:46:18,369:INFO:Checking exceptions
2022-08-04 17:46:18,374:INFO:Importing libraries
2022-08-04 17:46:18,379:INFO:Copying training dataset
2022-08-04 17:46:18,383:INFO:Defining folds
2022-08-04 17:46:18,385:INFO:Declaring metric variables
2022-08-04 17:46:18,410:INFO:Importing untrained model
2022-08-04 17:46:18,427:INFO:Lasso Least Angular Regressor w/ Cond. Deseasonalize & Detrending Imported successfully
2022-08-04 17:46:18,458:INFO:Starting cross validation
2022-08-04 17:46:18,460:INFO:Cross validating with ExpandingWindowSplitter(fh=ForecastingHorizon([1], dtype='int64', is_relative=True),
            initial_window=None), n_jobs=-1
2022-08-04 17:46:18,574:INFO:Calculating mean and std
2022-08-04 17:46:18,580:INFO:Creating metrics dataframe
2022-08-04 17:46:18,596:INFO:Uploading results into container
2022-08-04 17:46:18,598:INFO:Uploading model into container now
2022-08-04 17:46:18,602:INFO:master_model_container: 16
2022-08-04 17:46:18,605:INFO:display_container: 2
2022-08-04 17:46:18,609:INFO:BaseCdsDtForecaster(regressor=LassoLars(random_state=123), sp=12,
                    window_length=12)
2022-08-04 17:46:18,611:INFO:create_model() successfully completed......................................
2022-08-04 17:46:18,753:INFO:SubProcess create_model() end ==================================
2022-08-04 17:46:18,756:INFO:Creating metrics dataframe
2022-08-04 17:46:18,786:INFO:Initializing Bayesian Ridge w/ Cond. Deseasonalize & Detrending
2022-08-04 17:46:18,792:INFO:Total runtime is 1.3166515668233238 minutes
2022-08-04 17:46:18,810:INFO:SubProcess create_model() called ==================================
2022-08-04 17:46:18,813:INFO:Initializing create_model()
2022-08-04 17:46:18,814:INFO:create_model(self=<pycaret.time_series.forecasting.oop.TSForecastingExperiment object at 0x7fcc866fd410>, estimator=br_cds_dt, fold=None, round=4, cross_validation=True, predict=True, fit_kwargs={}, groups=None, refit=False, probability_threshold=None, experiment_custom_tags=None, verbose=False, system=False, add_to_model_list=True, metrics=None, display=<pycaret.internal.Display.Display object at 0x7fcc79acd910>, kwargs={})
2022-08-04 17:46:18,815:INFO:Checking exceptions
2022-08-04 17:46:18,819:INFO:Importing libraries
2022-08-04 17:46:18,820:INFO:Copying training dataset
2022-08-04 17:46:18,825:INFO:Defining folds
2022-08-04 17:46:18,829:INFO:Declaring metric variables
2022-08-04 17:46:18,849:INFO:Importing untrained model
2022-08-04 17:46:18,872:INFO:Bayesian Ridge w/ Cond. Deseasonalize & Detrending Imported successfully
2022-08-04 17:46:18,900:INFO:Starting cross validation
2022-08-04 17:46:18,905:INFO:Cross validating with ExpandingWindowSplitter(fh=ForecastingHorizon([1], dtype='int64', is_relative=True),
            initial_window=None), n_jobs=-1
2022-08-04 17:46:19,013:INFO:Calculating mean and std
2022-08-04 17:46:19,021:INFO:Creating metrics dataframe
2022-08-04 17:46:19,033:INFO:Uploading results into container
2022-08-04 17:46:19,035:INFO:Uploading model into container now
2022-08-04 17:46:19,039:INFO:master_model_container: 17
2022-08-04 17:46:19,045:INFO:display_container: 2
2022-08-04 17:46:19,050:INFO:BaseCdsDtForecaster(regressor=BayesianRidge(), sp=12, window_length=12)
2022-08-04 17:46:19,051:INFO:create_model() successfully completed......................................
2022-08-04 17:46:19,185:INFO:SubProcess create_model() end ==================================
2022-08-04 17:46:19,188:INFO:Creating metrics dataframe
2022-08-04 17:46:19,213:INFO:Initializing Huber w/ Cond. Deseasonalize & Detrending
2022-08-04 17:46:19,221:INFO:Total runtime is 1.323793176809947 minutes
2022-08-04 17:46:19,240:INFO:SubProcess create_model() called ==================================
2022-08-04 17:46:19,242:INFO:Initializing create_model()
2022-08-04 17:46:19,244:INFO:create_model(self=<pycaret.time_series.forecasting.oop.TSForecastingExperiment object at 0x7fcc866fd410>, estimator=huber_cds_dt, fold=None, round=4, cross_validation=True, predict=True, fit_kwargs={}, groups=None, refit=False, probability_threshold=None, experiment_custom_tags=None, verbose=False, system=False, add_to_model_list=True, metrics=None, display=<pycaret.internal.Display.Display object at 0x7fcc79acd910>, kwargs={})
2022-08-04 17:46:19,246:INFO:Checking exceptions
2022-08-04 17:46:19,257:INFO:Importing libraries
2022-08-04 17:46:19,261:INFO:Copying training dataset
2022-08-04 17:46:19,268:INFO:Defining folds
2022-08-04 17:46:19,273:INFO:Declaring metric variables
2022-08-04 17:46:19,294:INFO:Importing untrained model
2022-08-04 17:46:19,313:INFO:Huber w/ Cond. Deseasonalize & Detrending Imported successfully
2022-08-04 17:46:19,347:INFO:Starting cross validation
2022-08-04 17:46:19,350:INFO:Cross validating with ExpandingWindowSplitter(fh=ForecastingHorizon([1], dtype='int64', is_relative=True),
            initial_window=None), n_jobs=-1
2022-08-04 17:46:19,513:INFO:Calculating mean and std
2022-08-04 17:46:19,516:INFO:Creating metrics dataframe
2022-08-04 17:46:19,533:INFO:Uploading results into container
2022-08-04 17:46:19,536:INFO:Uploading model into container now
2022-08-04 17:46:19,540:INFO:master_model_container: 18
2022-08-04 17:46:19,543:INFO:display_container: 2
2022-08-04 17:46:19,547:INFO:BaseCdsDtForecaster(regressor=HuberRegressor(), sp=12, window_length=12)
2022-08-04 17:46:19,551:INFO:create_model() successfully completed......................................
2022-08-04 17:46:19,693:INFO:SubProcess create_model() end ==================================
2022-08-04 17:46:19,695:INFO:Creating metrics dataframe
2022-08-04 17:46:19,721:INFO:Initializing Passive Aggressive w/ Cond. Deseasonalize & Detrending
2022-08-04 17:46:19,727:INFO:Total runtime is 1.332225012779236 minutes
2022-08-04 17:46:19,749:INFO:SubProcess create_model() called ==================================
2022-08-04 17:46:19,754:INFO:Initializing create_model()
2022-08-04 17:46:19,758:INFO:create_model(self=<pycaret.time_series.forecasting.oop.TSForecastingExperiment object at 0x7fcc866fd410>, estimator=par_cds_dt, fold=None, round=4, cross_validation=True, predict=True, fit_kwargs={}, groups=None, refit=False, probability_threshold=None, experiment_custom_tags=None, verbose=False, system=False, add_to_model_list=True, metrics=None, display=<pycaret.internal.Display.Display object at 0x7fcc79acd910>, kwargs={})
2022-08-04 17:46:19,762:INFO:Checking exceptions
2022-08-04 17:46:19,773:INFO:Importing libraries
2022-08-04 17:46:19,774:INFO:Copying training dataset
2022-08-04 17:46:19,781:INFO:Defining folds
2022-08-04 17:46:19,784:INFO:Declaring metric variables
2022-08-04 17:46:19,808:INFO:Importing untrained model
2022-08-04 17:46:19,834:INFO:Passive Aggressive w/ Cond. Deseasonalize & Detrending Imported successfully
2022-08-04 17:46:19,874:INFO:Starting cross validation
2022-08-04 17:46:19,878:INFO:Cross validating with ExpandingWindowSplitter(fh=ForecastingHorizon([1], dtype='int64', is_relative=True),
            initial_window=None), n_jobs=-1
2022-08-04 17:46:19,992:INFO:Calculating mean and std
2022-08-04 17:46:20,000:INFO:Creating metrics dataframe
2022-08-04 17:46:20,013:INFO:Uploading results into container
2022-08-04 17:46:20,014:INFO:Uploading model into container now
2022-08-04 17:46:20,016:INFO:master_model_container: 19
2022-08-04 17:46:20,018:INFO:display_container: 2
2022-08-04 17:46:20,025:INFO:BaseCdsDtForecaster(regressor=PassiveAggressiveRegressor(random_state=123),
                    sp=12, window_length=12)
2022-08-04 17:46:20,030:INFO:create_model() successfully completed......................................
2022-08-04 17:46:20,164:INFO:SubProcess create_model() end ==================================
2022-08-04 17:46:20,165:INFO:Creating metrics dataframe
2022-08-04 17:46:20,195:INFO:Initializing Orthogonal Matching Pursuit w/ Cond. Deseasonalize & Detrending
2022-08-04 17:46:20,201:INFO:Total runtime is 1.3400983969370526 minutes
2022-08-04 17:46:20,223:INFO:SubProcess create_model() called ==================================
2022-08-04 17:46:20,227:INFO:Initializing create_model()
2022-08-04 17:46:20,232:INFO:create_model(self=<pycaret.time_series.forecasting.oop.TSForecastingExperiment object at 0x7fcc866fd410>, estimator=omp_cds_dt, fold=None, round=4, cross_validation=True, predict=True, fit_kwargs={}, groups=None, refit=False, probability_threshold=None, experiment_custom_tags=None, verbose=False, system=False, add_to_model_list=True, metrics=None, display=<pycaret.internal.Display.Display object at 0x7fcc79acd910>, kwargs={})
2022-08-04 17:46:20,234:INFO:Checking exceptions
2022-08-04 17:46:20,239:INFO:Importing libraries
2022-08-04 17:46:20,246:INFO:Copying training dataset
2022-08-04 17:46:20,253:INFO:Defining folds
2022-08-04 17:46:20,258:INFO:Declaring metric variables
2022-08-04 17:46:20,281:INFO:Importing untrained model
2022-08-04 17:46:20,300:INFO:Orthogonal Matching Pursuit w/ Cond. Deseasonalize & Detrending Imported successfully
2022-08-04 17:46:20,336:INFO:Starting cross validation
2022-08-04 17:46:20,339:INFO:Cross validating with ExpandingWindowSplitter(fh=ForecastingHorizon([1], dtype='int64', is_relative=True),
            initial_window=None), n_jobs=-1
2022-08-04 17:46:20,443:INFO:Calculating mean and std
2022-08-04 17:46:20,446:INFO:Creating metrics dataframe
2022-08-04 17:46:20,465:INFO:Uploading results into container
2022-08-04 17:46:20,472:INFO:Uploading model into container now
2022-08-04 17:46:20,476:INFO:master_model_container: 20
2022-08-04 17:46:20,478:INFO:display_container: 2
2022-08-04 17:46:20,481:INFO:BaseCdsDtForecaster(regressor=OrthogonalMatchingPursuit(), sp=12,
                    window_length=12)
2022-08-04 17:46:20,482:INFO:create_model() successfully completed......................................
2022-08-04 17:46:20,614:INFO:SubProcess create_model() end ==================================
2022-08-04 17:46:20,617:INFO:Creating metrics dataframe
2022-08-04 17:46:20,656:INFO:Initializing K Neighbors w/ Cond. Deseasonalize & Detrending
2022-08-04 17:46:20,663:INFO:Total runtime is 1.347822403907776 minutes
2022-08-04 17:46:20,684:INFO:SubProcess create_model() called ==================================
2022-08-04 17:46:20,688:INFO:Initializing create_model()
2022-08-04 17:46:20,693:INFO:create_model(self=<pycaret.time_series.forecasting.oop.TSForecastingExperiment object at 0x7fcc866fd410>, estimator=knn_cds_dt, fold=None, round=4, cross_validation=True, predict=True, fit_kwargs={}, groups=None, refit=False, probability_threshold=None, experiment_custom_tags=None, verbose=False, system=False, add_to_model_list=True, metrics=None, display=<pycaret.internal.Display.Display object at 0x7fcc79acd910>, kwargs={})
2022-08-04 17:46:20,697:INFO:Checking exceptions
2022-08-04 17:46:20,707:INFO:Importing libraries
2022-08-04 17:46:20,713:INFO:Copying training dataset
2022-08-04 17:46:20,719:INFO:Defining folds
2022-08-04 17:46:20,724:INFO:Declaring metric variables
2022-08-04 17:46:20,748:INFO:Importing untrained model
2022-08-04 17:46:20,767:INFO:K Neighbors w/ Cond. Deseasonalize & Detrending Imported successfully
2022-08-04 17:46:20,809:INFO:Starting cross validation
2022-08-04 17:46:20,812:INFO:Cross validating with ExpandingWindowSplitter(fh=ForecastingHorizon([1], dtype='int64', is_relative=True),
            initial_window=None), n_jobs=-1
2022-08-04 17:46:21,136:INFO:Calculating mean and std
2022-08-04 17:46:21,141:INFO:Creating metrics dataframe
2022-08-04 17:46:21,152:INFO:Uploading results into container
2022-08-04 17:46:21,157:INFO:Uploading model into container now
2022-08-04 17:46:21,160:INFO:master_model_container: 21
2022-08-04 17:46:21,163:INFO:display_container: 2
2022-08-04 17:46:21,169:INFO:BaseCdsDtForecaster(regressor=KNeighborsRegressor(n_jobs=-1), sp=12,
                    window_length=12)
2022-08-04 17:46:21,175:INFO:create_model() successfully completed......................................
2022-08-04 17:46:21,308:INFO:SubProcess create_model() end ==================================
2022-08-04 17:46:21,310:INFO:Creating metrics dataframe
2022-08-04 17:46:21,336:INFO:Initializing Decision Tree w/ Cond. Deseasonalize & Detrending
2022-08-04 17:46:21,343:INFO:Total runtime is 1.3591676910718282 minutes
2022-08-04 17:46:21,366:INFO:SubProcess create_model() called ==================================
2022-08-04 17:46:21,372:INFO:Initializing create_model()
2022-08-04 17:46:21,374:INFO:create_model(self=<pycaret.time_series.forecasting.oop.TSForecastingExperiment object at 0x7fcc866fd410>, estimator=dt_cds_dt, fold=None, round=4, cross_validation=True, predict=True, fit_kwargs={}, groups=None, refit=False, probability_threshold=None, experiment_custom_tags=None, verbose=False, system=False, add_to_model_list=True, metrics=None, display=<pycaret.internal.Display.Display object at 0x7fcc79acd910>, kwargs={})
2022-08-04 17:46:21,377:INFO:Checking exceptions
2022-08-04 17:46:21,381:INFO:Importing libraries
2022-08-04 17:46:21,388:INFO:Copying training dataset
2022-08-04 17:46:21,396:INFO:Defining folds
2022-08-04 17:46:21,403:INFO:Declaring metric variables
2022-08-04 17:46:21,421:INFO:Importing untrained model
2022-08-04 17:46:21,436:INFO:Decision Tree w/ Cond. Deseasonalize & Detrending Imported successfully
2022-08-04 17:46:21,466:INFO:Starting cross validation
2022-08-04 17:46:21,469:INFO:Cross validating with ExpandingWindowSplitter(fh=ForecastingHorizon([1], dtype='int64', is_relative=True),
            initial_window=None), n_jobs=-1
2022-08-04 17:46:21,578:INFO:Calculating mean and std
2022-08-04 17:46:21,584:INFO:Creating metrics dataframe
2022-08-04 17:46:21,596:INFO:Uploading results into container
2022-08-04 17:46:21,605:INFO:Uploading model into container now
2022-08-04 17:46:21,607:INFO:master_model_container: 22
2022-08-04 17:46:21,609:INFO:display_container: 2
2022-08-04 17:46:21,613:INFO:BaseCdsDtForecaster(regressor=DecisionTreeRegressor(random_state=123), sp=12,
                    window_length=12)
2022-08-04 17:46:21,614:INFO:create_model() successfully completed......................................
2022-08-04 17:46:21,750:INFO:SubProcess create_model() end ==================================
2022-08-04 17:46:21,753:INFO:Creating metrics dataframe
2022-08-04 17:46:21,780:INFO:Initializing Random Forest w/ Cond. Deseasonalize & Detrending
2022-08-04 17:46:21,792:INFO:Total runtime is 1.3666409055391948 minutes
2022-08-04 17:46:21,817:INFO:SubProcess create_model() called ==================================
2022-08-04 17:46:21,822:INFO:Initializing create_model()
2022-08-04 17:46:21,826:INFO:create_model(self=<pycaret.time_series.forecasting.oop.TSForecastingExperiment object at 0x7fcc866fd410>, estimator=rf_cds_dt, fold=None, round=4, cross_validation=True, predict=True, fit_kwargs={}, groups=None, refit=False, probability_threshold=None, experiment_custom_tags=None, verbose=False, system=False, add_to_model_list=True, metrics=None, display=<pycaret.internal.Display.Display object at 0x7fcc79acd910>, kwargs={})
2022-08-04 17:46:21,829:INFO:Checking exceptions
2022-08-04 17:46:21,836:INFO:Importing libraries
2022-08-04 17:46:21,841:INFO:Copying training dataset
2022-08-04 17:46:21,849:INFO:Defining folds
2022-08-04 17:46:21,853:INFO:Declaring metric variables
2022-08-04 17:46:21,876:INFO:Importing untrained model
2022-08-04 17:46:21,898:INFO:Random Forest w/ Cond. Deseasonalize & Detrending Imported successfully
2022-08-04 17:46:21,934:INFO:Starting cross validation
2022-08-04 17:46:21,937:INFO:Cross validating with ExpandingWindowSplitter(fh=ForecastingHorizon([1], dtype='int64', is_relative=True),
            initial_window=None), n_jobs=-1
2022-08-04 17:46:22,727:INFO:Calculating mean and std
2022-08-04 17:46:22,733:INFO:Creating metrics dataframe
2022-08-04 17:46:22,749:INFO:Uploading results into container
2022-08-04 17:46:22,755:INFO:Uploading model into container now
2022-08-04 17:46:22,760:INFO:master_model_container: 23
2022-08-04 17:46:22,762:INFO:display_container: 2
2022-08-04 17:46:22,768:INFO:BaseCdsDtForecaster(regressor=RandomForestRegressor(n_jobs=-1,
                                                    random_state=123),
                    sp=12, window_length=12)
2022-08-04 17:46:22,770:INFO:create_model() successfully completed......................................
2022-08-04 17:46:22,903:INFO:SubProcess create_model() end ==================================
2022-08-04 17:46:22,907:INFO:Creating metrics dataframe
2022-08-04 17:46:22,936:INFO:Initializing Extra Trees w/ Cond. Deseasonalize & Detrending
2022-08-04 17:46:22,938:INFO:Total runtime is 1.385751481850942 minutes
2022-08-04 17:46:22,958:INFO:SubProcess create_model() called ==================================
2022-08-04 17:46:22,960:INFO:Initializing create_model()
2022-08-04 17:46:22,963:INFO:create_model(self=<pycaret.time_series.forecasting.oop.TSForecastingExperiment object at 0x7fcc866fd410>, estimator=et_cds_dt, fold=None, round=4, cross_validation=True, predict=True, fit_kwargs={}, groups=None, refit=False, probability_threshold=None, experiment_custom_tags=None, verbose=False, system=False, add_to_model_list=True, metrics=None, display=<pycaret.internal.Display.Display object at 0x7fcc79acd910>, kwargs={})
2022-08-04 17:46:22,966:INFO:Checking exceptions
2022-08-04 17:46:22,971:INFO:Importing libraries
2022-08-04 17:46:22,972:INFO:Copying training dataset
2022-08-04 17:46:22,978:INFO:Defining folds
2022-08-04 17:46:22,980:INFO:Declaring metric variables
2022-08-04 17:46:23,006:INFO:Importing untrained model
2022-08-04 17:46:23,025:INFO:Extra Trees w/ Cond. Deseasonalize & Detrending Imported successfully
2022-08-04 17:46:23,054:INFO:Starting cross validation
2022-08-04 17:46:23,058:INFO:Cross validating with ExpandingWindowSplitter(fh=ForecastingHorizon([1], dtype='int64', is_relative=True),
            initial_window=None), n_jobs=-1
2022-08-04 17:46:23,752:INFO:Calculating mean and std
2022-08-04 17:46:23,755:INFO:Creating metrics dataframe
2022-08-04 17:46:23,767:INFO:Uploading results into container
2022-08-04 17:46:23,770:INFO:Uploading model into container now
2022-08-04 17:46:23,772:INFO:master_model_container: 24
2022-08-04 17:46:23,774:INFO:display_container: 2
2022-08-04 17:46:23,777:INFO:BaseCdsDtForecaster(regressor=ExtraTreesRegressor(n_jobs=-1, random_state=123),
                    sp=12, window_length=12)
2022-08-04 17:46:23,780:INFO:create_model() successfully completed......................................
2022-08-04 17:46:23,915:INFO:SubProcess create_model() end ==================================
2022-08-04 17:46:23,918:INFO:Creating metrics dataframe
2022-08-04 17:46:23,958:INFO:Initializing Gradient Boosting w/ Cond. Deseasonalize & Detrending
2022-08-04 17:46:23,960:INFO:Total runtime is 1.402779483795166 minutes
2022-08-04 17:46:23,981:INFO:SubProcess create_model() called ==================================
2022-08-04 17:46:23,983:INFO:Initializing create_model()
2022-08-04 17:46:23,985:INFO:create_model(self=<pycaret.time_series.forecasting.oop.TSForecastingExperiment object at 0x7fcc866fd410>, estimator=gbr_cds_dt, fold=None, round=4, cross_validation=True, predict=True, fit_kwargs={}, groups=None, refit=False, probability_threshold=None, experiment_custom_tags=None, verbose=False, system=False, add_to_model_list=True, metrics=None, display=<pycaret.internal.Display.Display object at 0x7fcc79acd910>, kwargs={})
2022-08-04 17:46:23,988:INFO:Checking exceptions
2022-08-04 17:46:23,991:INFO:Importing libraries
2022-08-04 17:46:23,995:INFO:Copying training dataset
2022-08-04 17:46:24,002:INFO:Defining folds
2022-08-04 17:46:24,004:INFO:Declaring metric variables
2022-08-04 17:46:24,024:INFO:Importing untrained model
2022-08-04 17:46:24,040:INFO:Gradient Boosting w/ Cond. Deseasonalize & Detrending Imported successfully
2022-08-04 17:46:24,069:INFO:Starting cross validation
2022-08-04 17:46:24,072:INFO:Cross validating with ExpandingWindowSplitter(fh=ForecastingHorizon([1], dtype='int64', is_relative=True),
            initial_window=None), n_jobs=-1
2022-08-04 17:46:24,351:INFO:Calculating mean and std
2022-08-04 17:46:24,353:INFO:Creating metrics dataframe
2022-08-04 17:46:24,370:INFO:Uploading results into container
2022-08-04 17:46:24,378:INFO:Uploading model into container now
2022-08-04 17:46:24,379:INFO:master_model_container: 25
2022-08-04 17:46:24,383:INFO:display_container: 2
2022-08-04 17:46:24,386:INFO:BaseCdsDtForecaster(regressor=GradientBoostingRegressor(random_state=123),
                    sp=12, window_length=12)
2022-08-04 17:46:24,391:INFO:create_model() successfully completed......................................
2022-08-04 17:46:24,527:INFO:SubProcess create_model() end ==================================
2022-08-04 17:46:24,537:INFO:Creating metrics dataframe
2022-08-04 17:46:24,565:INFO:Initializing AdaBoost w/ Cond. Deseasonalize & Detrending
2022-08-04 17:46:24,574:INFO:Total runtime is 1.4130050301551818 minutes
2022-08-04 17:46:24,596:INFO:SubProcess create_model() called ==================================
2022-08-04 17:46:24,600:INFO:Initializing create_model()
2022-08-04 17:46:24,605:INFO:create_model(self=<pycaret.time_series.forecasting.oop.TSForecastingExperiment object at 0x7fcc866fd410>, estimator=ada_cds_dt, fold=None, round=4, cross_validation=True, predict=True, fit_kwargs={}, groups=None, refit=False, probability_threshold=None, experiment_custom_tags=None, verbose=False, system=False, add_to_model_list=True, metrics=None, display=<pycaret.internal.Display.Display object at 0x7fcc79acd910>, kwargs={})
2022-08-04 17:46:24,611:INFO:Checking exceptions
2022-08-04 17:46:24,617:INFO:Importing libraries
2022-08-04 17:46:24,623:INFO:Copying training dataset
2022-08-04 17:46:24,634:INFO:Defining folds
2022-08-04 17:46:24,635:INFO:Declaring metric variables
2022-08-04 17:46:24,656:INFO:Importing untrained model
2022-08-04 17:46:24,675:INFO:AdaBoost w/ Cond. Deseasonalize & Detrending Imported successfully
2022-08-04 17:46:24,715:INFO:Starting cross validation
2022-08-04 17:46:24,718:INFO:Cross validating with ExpandingWindowSplitter(fh=ForecastingHorizon([1], dtype='int64', is_relative=True),
            initial_window=None), n_jobs=-1
2022-08-04 17:46:24,997:INFO:Calculating mean and std
2022-08-04 17:46:25,000:INFO:Creating metrics dataframe
2022-08-04 17:46:25,017:INFO:Uploading results into container
2022-08-04 17:46:25,022:INFO:Uploading model into container now
2022-08-04 17:46:25,025:INFO:master_model_container: 26
2022-08-04 17:46:25,026:INFO:display_container: 2
2022-08-04 17:46:25,029:INFO:BaseCdsDtForecaster(regressor=AdaBoostRegressor(random_state=123), sp=12,
                    window_length=12)
2022-08-04 17:46:25,032:INFO:create_model() successfully completed......................................
2022-08-04 17:46:25,172:INFO:SubProcess create_model() end ==================================
2022-08-04 17:46:25,175:INFO:Creating metrics dataframe
2022-08-04 17:46:25,209:INFO:Initializing Light Gradient Boosting w/ Cond. Deseasonalize & Detrending
2022-08-04 17:46:25,217:INFO:Total runtime is 1.423733870188395 minutes
2022-08-04 17:46:25,245:INFO:SubProcess create_model() called ==================================
2022-08-04 17:46:25,248:INFO:Initializing create_model()
2022-08-04 17:46:25,252:INFO:create_model(self=<pycaret.time_series.forecasting.oop.TSForecastingExperiment object at 0x7fcc866fd410>, estimator=lightgbm_cds_dt, fold=None, round=4, cross_validation=True, predict=True, fit_kwargs={}, groups=None, refit=False, probability_threshold=None, experiment_custom_tags=None, verbose=False, system=False, add_to_model_list=True, metrics=None, display=<pycaret.internal.Display.Display object at 0x7fcc79acd910>, kwargs={})
2022-08-04 17:46:25,254:INFO:Checking exceptions
2022-08-04 17:46:25,261:INFO:Importing libraries
2022-08-04 17:46:25,263:INFO:Copying training dataset
2022-08-04 17:46:25,277:INFO:Defining folds
2022-08-04 17:46:25,281:INFO:Declaring metric variables
2022-08-04 17:46:25,304:INFO:Importing untrained model
2022-08-04 17:46:25,322:INFO:Light Gradient Boosting w/ Cond. Deseasonalize & Detrending Imported successfully
2022-08-04 17:46:25,361:INFO:Starting cross validation
2022-08-04 17:46:25,364:INFO:Cross validating with ExpandingWindowSplitter(fh=ForecastingHorizon([1], dtype='int64', is_relative=True),
            initial_window=None), n_jobs=-1
2022-08-04 17:46:25,699:INFO:Calculating mean and std
2022-08-04 17:46:25,702:INFO:Creating metrics dataframe
2022-08-04 17:46:25,717:INFO:Uploading results into container
2022-08-04 17:46:25,721:INFO:Uploading model into container now
2022-08-04 17:46:25,723:INFO:master_model_container: 27
2022-08-04 17:46:25,725:INFO:display_container: 2
2022-08-04 17:46:25,728:INFO:BaseCdsDtForecaster(regressor=LGBMRegressor(random_state=123), sp=12,
                    window_length=12)
2022-08-04 17:46:25,729:INFO:create_model() successfully completed......................................
2022-08-04 17:46:25,862:INFO:SubProcess create_model() end ==================================
2022-08-04 17:46:25,865:INFO:Creating metrics dataframe
2022-08-04 17:46:25,945:INFO:Initializing create_model()
2022-08-04 17:46:25,952:INFO:create_model(self=<pycaret.time_series.forecasting.oop.TSForecastingExperiment object at 0x7fcc866fd410>, estimator=AutoARIMA(random_state=123, sp=12, suppress_warnings=True), fold=None, round=4, cross_validation=False, predict=False, fit_kwargs={}, groups=None, refit=True, probability_threshold=None, experiment_custom_tags=None, verbose=False, system=False, add_to_model_list=True, metrics=None, display=None, kwargs={})
2022-08-04 17:46:25,955:INFO:Checking exceptions
2022-08-04 17:46:25,962:INFO:Importing libraries
2022-08-04 17:46:25,967:INFO:Copying training dataset
2022-08-04 17:46:25,972:INFO:Defining folds
2022-08-04 17:46:25,975:INFO:Declaring metric variables
2022-08-04 17:46:25,976:INFO:Importing untrained model
2022-08-04 17:46:25,978:INFO:Declaring custom model
2022-08-04 17:46:25,980:INFO:Auto ARIMA Imported successfully
2022-08-04 17:46:25,982:INFO:Cross validation set to False
2022-08-04 17:46:25,983:INFO:Fitting Model
2022-08-04 17:46:54,346:INFO:AutoARIMA(random_state=123, sp=12, suppress_warnings=True)
2022-08-04 17:46:54,358:INFO:create_models() successfully completed......................................
2022-08-04 17:46:54,631:INFO:master_model_container: 27
2022-08-04 17:46:54,642:INFO:display_container: 2
2022-08-04 17:46:54,645:INFO:AutoARIMA(random_state=123, sp=12, suppress_warnings=True)
2022-08-04 17:46:54,649:INFO:compare_models() successfully completed......................................
2022-08-04 17:46:54,768:WARNING:predict_model >> Prediction Indices do not match test indices. Metrics will not be displayed.
2022-08-04 17:46:55,204:INFO:Visual Rendered Successfully
2022-08-04 17:46:55,329:WARNING:predict_model >> Prediction Indices do not match test indices. Metrics will not be displayed.
2022-08-04 17:46:55,740:INFO:Visual Rendered Successfully
2022-08-04 17:46:55,853:WARNING:predict_model >> Prediction Indices do not match test indices. Metrics will not be displayed.
2022-08-04 17:46:56,224:INFO:Visual Rendered Successfully
2022-08-04 17:46:56,238:INFO:Initializing finalize_model()
2022-08-04 17:46:56,245:INFO:finalize_model(self=<pycaret.time_series.forecasting.oop.TSForecastingExperiment object at 0x7fcc866fd410>, estimator=AutoARIMA(random_state=123, sp=12, suppress_warnings=True), fit_kwargs=None, groups=None, model_only=True, experiment_custom_tags=None, display=None)
2022-08-04 17:46:56,251:INFO:Finalizing AutoARIMA(random_state=123, sp=12, suppress_warnings=True)
2022-08-04 17:46:56,258:INFO:Initializing create_model()
2022-08-04 17:46:56,259:INFO:create_model(self=<pycaret.time_series.forecasting.oop.TSForecastingExperiment object at 0x7fcc866fd410>, estimator=AutoARIMA(random_state=123, sp=12, suppress_warnings=True), fold=None, round=4, cross_validation=True, predict=True, fit_kwargs={}, groups=None, refit=True, probability_threshold=None, experiment_custom_tags=None, verbose=False, system=False, add_to_model_list=False, metrics=None, display=None, kwargs={})
2022-08-04 17:46:56,262:INFO:Checking exceptions
2022-08-04 17:46:56,267:INFO:Importing libraries
2022-08-04 17:46:56,270:INFO:Copying training dataset
2022-08-04 17:46:56,276:INFO:Defining folds
2022-08-04 17:46:56,278:INFO:Declaring metric variables
2022-08-04 17:46:56,280:INFO:Importing untrained model
2022-08-04 17:46:56,284:INFO:Declaring custom model
2022-08-04 17:46:56,290:INFO:Auto ARIMA Imported successfully
2022-08-04 17:46:56,291:INFO:Starting cross validation
2022-08-04 17:46:56,296:INFO:Cross validating with ExpandingWindowSplitter(fh=ForecastingHorizon([1], dtype='int64', is_relative=True),
            initial_window=None), n_jobs=-1
2022-08-04 17:48:13,843:INFO:Calculating mean and std
2022-08-04 17:48:13,845:INFO:Creating metrics dataframe
2022-08-04 17:48:13,860:INFO:Finalizing model
2022-08-04 17:48:59,195:INFO:Uploading results into container
2022-08-04 17:48:59,198:INFO:master_model_container: 27
2022-08-04 17:48:59,201:INFO:display_container: 6
2022-08-04 17:48:59,207:INFO:AutoARIMA(random_state=123, sp=12, suppress_warnings=True)
2022-08-04 17:48:59,210:INFO:create_model() successfully completed......................................
2022-08-04 17:48:59,368:INFO:master_model_container: 27
2022-08-04 17:48:59,372:INFO:display_container: 5
2022-08-04 17:48:59,375:INFO:AutoARIMA(random_state=123, sp=12, suppress_warnings=True)
2022-08-04 17:48:59,377:INFO:finalize_model() succesfully completed......................................
2022-08-04 17:48:59,518:INFO:Initializing save_model()
2022-08-04 17:48:59,524:INFO:save_model(model=AutoARIMA(random_state=123, sp=12, suppress_warnings=True), model_name=my_best_model, prep_pipe_=None, verbose=True, use_case=MLUsecase.TIME_SERIES, kwargs={})
2022-08-04 17:48:59,527:INFO:Adding model into prep_pipe
2022-08-04 17:48:59,543:WARNING:Only Model saved. Transformations in prep_pipe are ignored.
2022-08-04 17:48:59,596:INFO:my_best_model.pkl saved in current working directory
2022-08-04 17:48:59,602:INFO:AutoARIMA(random_state=123, sp=12, suppress_warnings=True)
2022-08-04 17:48:59,603:INFO:save_model() successfully completed......................................
2022-08-04 17:48:59,749:INFO:Initializing load_model()
2022-08-04 17:48:59,754:INFO:load_model(model_name=my_best_model, platform=None, authentication=None, verbose=True)
2022-08-04 17:48:59,840:WARNING:predict_model >> Prediction Indices do not match test indices. Metrics will not be displayed.
2022-08-04 18:06:14,535:WARNING:predict_model >> Prediction Indices do not match test indices. Metrics will not be displayed.
2022-08-04 18:07:11,421:WARNING:predict_model >> Prediction Indices do not match test indices. Metrics will not be displayed.
